GMF arguments: Namespace(batch_size=256, dataset='ml-1m', epochs=20, learner='adam', lr=0.001, num_factors=8, num_neg=4, out=1, path='Data/', regs='[0,0]', verbose=1)
Load data done [10.6 s]. #user=6040, #item=3706, #train=994169, #test=6040
Init: HR = 0.1023, NDCG = 0.0468	 evaluate_time [1.8 s]
Iteration 0 [19.3 s]: HR = 0.5033, NDCG = 0.2821, loss = 0.3608, evaluate_time [1.7 s]
Iteration 1 [22.6 s]: HR = 0.5613, NDCG = 0.3151, loss = 0.3127, evaluate_time [3.0 s]
Iteration 2 [30.3 s]: HR = 0.5882, NDCG = 0.3323, loss = 0.2936, evaluate_time [3.0 s]
Iteration 3 [28.4 s]: HR = 0.6088, NDCG = 0.3470, loss = 0.2834, evaluate_time [1.9 s]
Iteration 4 [20.3 s]: HR = 0.6217, NDCG = 0.3561, loss = 0.2761, evaluate_time [1.7 s]
Iteration 5 [22.4 s]: HR = 0.6225, NDCG = 0.3569, loss = 0.2736, evaluate_time [1.8 s]
Iteration 6 [21.1 s]: HR = 0.6243, NDCG = 0.3580, loss = 0.2719, evaluate_time [2.5 s]
Iteration 7 [30.4 s]: HR = 0.6262, NDCG = 0.3605, loss = 0.2712, evaluate_time [3.1 s]
Iteration 8 [27.5 s]: HR = 0.6293, NDCG = 0.3625, loss = 0.2704, evaluate_time [3.1 s]
Iteration 9 [26.7 s]: HR = 0.6301, NDCG = 0.3615, loss = 0.2701, evaluate_time [2.0 s]
Iteration 10 [29.3 s]: HR = 0.6275, NDCG = 0.3619, loss = 0.2693, evaluate_time [3.1 s]
Iteration 11 [28.3 s]: HR = 0.6278, NDCG = 0.3624, loss = 0.2691, evaluate_time [1.9 s]
Iteration 12 [27.1 s]: HR = 0.6305, NDCG = 0.3614, loss = 0.2688, evaluate_time [2.1 s]
Iteration 13 [28.5 s]: HR = 0.6374, NDCG = 0.3646, loss = 0.2687, evaluate_time [3.1 s]
Iteration 14 [30.5 s]: HR = 0.6373, NDCG = 0.3661, loss = 0.2685, evaluate_time [3.1 s]
Iteration 15 [25.1 s]: HR = 0.6361, NDCG = 0.3657, loss = 0.2684, evaluate_time [2.2 s]
Iteration 16 [29.3 s]: HR = 0.6369, NDCG = 0.3658, loss = 0.2679, evaluate_time [3.1 s]
Iteration 17 [31.1 s]: HR = 0.6369, NDCG = 0.3665, loss = 0.2679, evaluate_time [3.1 s]
Iteration 18 [27.8 s]: HR = 0.6343, NDCG = 0.3655, loss = 0.2678, evaluate_time [1.7 s]
Iteration 19 [27.8 s]: HR = 0.6369, NDCG = 0.3652, loss = 0.2677, evaluate_time [3.1 s]
End. Best Iteration 13:  HR = 0.6374, NDCG = 0.3646. 
