NeuMF arguments: Namespace(batch_size=256, dataset='ml-1m', epochs=20, layers='[64,32,16,8]', learner='adam', lr=0.001, mf_pretrain='', mlp_pretrain='', num_factors=8, num_neg=4, out=1, path='Data/', reg_layers='[0,0,0,0]', reg_mf=0.0, verbose=1) 
Load data done [10.9 s]. #user=6040, #item=3706, #train=994169, #test=6040
Init: HR = 0.0934, NDCG = 0.0437	 evaluate_time [14.3 s]
Iteration 0 [97.7 s]: HR = 0.5985, NDCG = 0.3431, loss = 0.3162, evaluate_time  [2.3 s]
Iteration 1 [89.3 s]: HR = 0.6377, NDCG = 0.3665, loss = 0.2733, evaluate_time  [2.8 s]
Iteration 2 [109.5 s]: HR = 0.6563, NDCG = 0.3811, loss = 0.2635, evaluate_time  [3.3 s]
Iteration 3 [103.7 s]: HR = 0.6656, NDCG = 0.3894, loss = 0.2583, evaluate_time  [2.8 s]
Iteration 4 [108.0 s]: HR = 0.6644, NDCG = 0.3921, loss = 0.2542, evaluate_time  [2.4 s]
Iteration 5 [96.2 s]: HR = 0.6714, NDCG = 0.3972, loss = 0.2508, evaluate_time  [2.2 s]
Iteration 6 [94.4 s]: HR = 0.6737, NDCG = 0.3980, loss = 0.2483, evaluate_time  [2.8 s]
Iteration 7 [90.0 s]: HR = 0.6846, NDCG = 0.4044, loss = 0.2459, evaluate_time  [2.5 s]
Iteration 8 [91.1 s]: HR = 0.6775, NDCG = 0.4028, loss = 0.2437, evaluate_time  [2.7 s]
Iteration 9 [95.5 s]: HR = 0.6808, NDCG = 0.4068, loss = 0.2419, evaluate_time  [3.0 s]
Iteration 10 [91.8 s]: HR = 0.6838, NDCG = 0.4070, loss = 0.2404, evaluate_time  [2.2 s]
Iteration 11 [88.9 s]: HR = 0.6902, NDCG = 0.4092, loss = 0.2387, evaluate_time  [2.5 s]
Iteration 12 [91.4 s]: HR = 0.6861, NDCG = 0.4100, loss = 0.2373, evaluate_time  [2.4 s]
Iteration 13 [94.0 s]: HR = 0.6836, NDCG = 0.4071, loss = 0.2357, evaluate_time  [2.6 s]
Iteration 14 [94.5 s]: HR = 0.6760, NDCG = 0.4041, loss = 0.2347, evaluate_time  [3.4 s]
Iteration 15 [88.7 s]: HR = 0.6849, NDCG = 0.4090, loss = 0.2336, evaluate_time  [2.6 s]
Iteration 16 [94.5 s]: HR = 0.6775, NDCG = 0.4057, loss = 0.2326, evaluate_time  [2.2 s]
Iteration 17 [91.7 s]: HR = 0.6833, NDCG = 0.4088, loss = 0.2317, evaluate_time  [2.4 s]
Iteration 18 [80.5 s]: HR = 0.6811, NDCG = 0.4071, loss = 0.2309, evaluate_time  [2.1 s]
Iteration 19 [48.4 s]: HR = 0.6849, NDCG = 0.4083, loss = 0.2301, evaluate_time  [2.1 s]
End. Best Iteration 11:  HR = 0.6902, NDCG = 0.4092. 
