MLP arguments: Namespace(batch_size=256, dataset='ml-1m', epochs=20, layers='[64,32,16,8]', learner='adam', lr=0.001, num_neg=4, out=1, path='Data/', reg_layers='[0,0,0,0]', verbose=1) 
Load data done [13.0 s]. #user=6040, #item=3706, #train=994169, #test=6040
Init: HR = 0.1026, NDCG = 0.0456	 evaluate_time [2.6 s]
Iteration 0 [92.4 s]: HR = 0.5257, NDCG = 0.2961, loss = 0.3429, evaluate_time [3.5 s]
Iteration 1 [90.9 s]: HR = 0.5844, NDCG = 0.3267, loss = 0.3028, evaluate_time [2.2 s]
Iteration 2 [92.8 s]: HR = 0.6174, NDCG = 0.3525, loss = 0.2838, evaluate_time [3.5 s]
Iteration 3 [93.6 s]: HR = 0.6344, NDCG = 0.3656, loss = 0.2735, evaluate_time [2.1 s]
Iteration 4 [88.9 s]: HR = 0.6399, NDCG = 0.3700, loss = 0.2667, evaluate_time [2.7 s]
Iteration 5 [77.0 s]: HR = 0.6520, NDCG = 0.3780, loss = 0.2620, evaluate_time [2.7 s]
Iteration 6 [75.1 s]: HR = 0.6543, NDCG = 0.3839, loss = 0.2582, evaluate_time [2.7 s]
Iteration 7 [71.7 s]: HR = 0.6611, NDCG = 0.3882, loss = 0.2550, evaluate_time [2.5 s]
Iteration 8 [75.8 s]: HR = 0.6584, NDCG = 0.3868, loss = 0.2523, evaluate_time [2.7 s]
Iteration 9 [80.1 s]: HR = 0.6586, NDCG = 0.3889, loss = 0.2500, evaluate_time [2.0 s]
Iteration 10 [83.9 s]: HR = 0.6606, NDCG = 0.3919, loss = 0.2483, evaluate_time [2.8 s]
Iteration 11 [77.7 s]: HR = 0.6664, NDCG = 0.3921, loss = 0.2462, evaluate_time [2.4 s]
Iteration 12 [76.6 s]: HR = 0.6664, NDCG = 0.3960, loss = 0.2446, evaluate_time [2.5 s]
Iteration 13 [76.2 s]: HR = 0.6684, NDCG = 0.3947, loss = 0.2433, evaluate_time [3.2 s]
Iteration 14 [79.5 s]: HR = 0.6637, NDCG = 0.3929, loss = 0.2420, evaluate_time [2.7 s]
Iteration 15 [78.7 s]: HR = 0.6666, NDCG = 0.3939, loss = 0.2411, evaluate_time [3.5 s]
Iteration 16 [78.5 s]: HR = 0.6672, NDCG = 0.3950, loss = 0.2401, evaluate_time [2.1 s]
Iteration 17 [82.5 s]: HR = 0.6714, NDCG = 0.3986, loss = 0.2392, evaluate_time [2.8 s]
Iteration 18 [80.9 s]: HR = 0.6724, NDCG = 0.3996, loss = 0.2385, evaluate_time [2.5 s]
Iteration 19 [75.5 s]: HR = 0.6699, NDCG = 0.3965, loss = 0.2376, evaluate_time [2.5 s]
End. Best Iteration 18:  HR = 0.6724, NDCG = 0.3996. 
